<?xml version="1.0" encoding="UTF-8"?>
<robot generator="Robot 6.0.2 (Python 3.10.6 on linux)" generated="20230613 10:06:52.973" rpa="false" schemaversion="3">
<suite id="s1" name="Api Token Page" source="/home/jiawei/test/api_token_page.robot">
<test id="s1-t1" name="All scope with token name" line="12">
<kw name="Login Account" library="keywords">
<kw name="Chrome Headless" library="keywords">
<kw name="Set Chrome Options" library="keywords">
<var>${chrome_options}</var>
<doc>Set Chrome options for headless mode</doc>
<kw name="Evaluate" library="BuiltIn">
<var>${options}</var>
<arg>sys.modules['selenium.webdriver'].ChromeOptions()</arg>
<arg>sys, selenium.webdriver</arg>
<doc>Evaluates the given expression in Python and returns the result.</doc>
<msg timestamp="20230613 10:06:53.090" level="INFO">${options} = &lt;selenium.webdriver.chrome.options.Options object at 0x7f75243dbee0&gt;</msg>
<status status="PASS" starttime="20230613 10:06:53.090" endtime="20230613 10:06:53.090"/>
</kw>
<for flavor="IN">
<var>${option}</var>
<value>@{chrome_arguments}</value>
<iter>
<var name="${option}">--disable-infobars</var>
<kw name="Call Method" library="BuiltIn">
<arg>${options}</arg>
<arg>add_argument</arg>
<arg>${option}</arg>
<doc>Calls the named method of the given object with the provided arguments.</doc>
<status status="PASS" starttime="20230613 10:06:53.090" endtime="20230613 10:06:53.090"/>
</kw>
<status status="PASS" starttime="20230613 10:06:53.090" endtime="20230613 10:06:53.091"/>
</iter>
<iter>
<var name="${option}">--disable-gpu</var>
<kw name="Call Method" library="BuiltIn">
<arg>${options}</arg>
<arg>add_argument</arg>
<arg>${option}</arg>
<doc>Calls the named method of the given object with the provided arguments.</doc>
<status status="PASS" starttime="20230613 10:06:53.091" endtime="20230613 10:06:53.091"/>
</kw>
<status status="PASS" starttime="20230613 10:06:53.091" endtime="20230613 10:06:53.091"/>
</iter>
<iter>
<var name="${option}">--window-size=1280,1024</var>
<kw name="Call Method" library="BuiltIn">
<arg>${options}</arg>
<arg>add_argument</arg>
<arg>${option}</arg>
<doc>Calls the named method of the given object with the provided arguments.</doc>
<status status="PASS" starttime="20230613 10:06:53.091" endtime="20230613 10:06:53.091"/>
</kw>
<status status="PASS" starttime="20230613 10:06:53.091" endtime="20230613 10:06:53.091"/>
</iter>
<status status="PASS" starttime="20230613 10:06:53.090" endtime="20230613 10:06:53.091"/>
</for>
<msg timestamp="20230613 10:06:53.091" level="INFO">${chrome_options} = &lt;selenium.webdriver.chrome.options.Options object at 0x7f75243dbee0&gt;</msg>
<status status="PASS" starttime="20230613 10:06:53.090" endtime="20230613 10:06:53.091"/>
</kw>
<kw name="Create Webdriver" library="SeleniumLibrary">
<arg>Chrome</arg>
<arg>chrome_options=${chrome_options}</arg>
<doc>Creates an instance of Selenium WebDriver.</doc>
<msg timestamp="20230613 10:06:53.091" level="INFO">Creating an instance of the Chrome WebDriver.</msg>
<status status="PASS" starttime="20230613 10:06:53.091" endtime="20230613 10:06:53.801"/>
</kw>
<status status="PASS" starttime="20230613 10:06:53.090" endtime="20230613 10:06:53.802"/>
</kw>
<kw name="Go To" library="SeleniumLibrary">
<arg>${url}</arg>
<doc>Navigates the current browser window to the provided ``url``.</doc>
<msg timestamp="20230613 10:06:53.802" level="INFO">Opening url 'https://app.deriv.com/'</msg>
<status status="PASS" starttime="20230613 10:06:53.802" endtime="20230613 10:06:55.481"/>
</kw>
<kw name="Set Window Size" library="SeleniumLibrary">
<arg>1300</arg>
<arg>800</arg>
<doc>Sets current windows size to given ``width`` and ``height``.</doc>
<status status="PASS" starttime="20230613 10:06:55.482" endtime="20230613 10:06:55.591"/>
</kw>
<kw name="Wait Until Page Contains Element" library="SeleniumLibrary">
<arg>dt_login_button</arg>
<doc>Waits until the element ``locator`` appears on the current page.</doc>
<status status="PASS" starttime="20230613 10:06:55.591" endtime="20230613 10:06:55.610"/>
</kw>
<kw name="Click Element" library="SeleniumLibrary">
<arg>dt_login_button</arg>
<doc>Click the element identified by ``locator``.</doc>
<msg timestamp="20230613 10:06:55.611" level="INFO">Clicking element 'dt_login_button'.</msg>
<status status="PASS" starttime="20230613 10:06:55.610" endtime="20230613 10:06:57.704"/>
</kw>
<kw name="Wait Until Page Contains Element" library="SeleniumLibrary">
<arg>txtEmail</arg>
<doc>Waits until the element ``locator`` appears on the current page.</doc>
<status status="PASS" starttime="20230613 10:06:57.704" endtime="20230613 10:06:57.713"/>
</kw>
<kw name="Input Text" library="SeleniumLibrary">
<arg>txtEmail</arg>
<arg>jiawei@besquare.com.my</arg>
<doc>Types the given ``text`` into the text field identified by ``locator``.</doc>
<msg timestamp="20230613 10:06:57.714" level="INFO">Typing text 'jiawei@besquare.com.my' into text field 'txtEmail'.</msg>
<status status="PASS" starttime="20230613 10:06:57.713" endtime="20230613 10:06:57.765"/>
</kw>
<kw name="Input Password" library="SeleniumLibrary">
<arg>txtPass</arg>
<arg>Jiawei@12345</arg>
<doc>Types the given password into the text field identified by ``locator``.</doc>
<msg timestamp="20230613 10:06:57.765" level="INFO">Typing password into text field 'txtPass'.</msg>
<msg timestamp="20230613 10:06:57.784" level="INFO">Temporally setting log level to: NONE</msg>
<msg timestamp="20230613 10:06:57.807" level="INFO">Log level changed from NONE to INFO.</msg>
<status status="PASS" starttime="20230613 10:06:57.765" endtime="20230613 10:06:57.807"/>
</kw>
<kw name="Click Element" library="SeleniumLibrary">
<arg>//button[@name="login"]</arg>
<doc>Click the element identified by ``locator``.</doc>
<msg timestamp="20230613 10:06:57.808" level="INFO">Clicking element '//button[@name="login"]'.</msg>
<status status="PASS" starttime="20230613 10:06:57.808" endtime="20230613 10:07:00.571"/>
</kw>
<kw name="Wait Until Page Contains Element" library="SeleniumLibrary">
<arg>${deposit_btn}</arg>
<arg>10</arg>
<doc>Waits until the element ``locator`` appears on the current page.</doc>
<status status="PASS" starttime="20230613 10:07:00.571" endtime="20230613 10:07:03.963"/>
</kw>
<kw name="Click Element" library="SeleniumLibrary">
<arg>dropdown-display</arg>
<doc>Click the element identified by ``locator``.</doc>
<msg timestamp="20230613 10:07:03.964" level="INFO">Clicking element 'dropdown-display'.</msg>
<status status="PASS" starttime="20230613 10:07:03.963" endtime="20230613 10:07:04.003"/>
</kw>
<kw name="Wait Until Element Is Visible" library="SeleniumLibrary">
<arg>${demo}</arg>
<arg>10</arg>
<doc>Waits until the element ``locator`` is visible.</doc>
<status status="PASS" starttime="20230613 10:07:04.003" endtime="20230613 10:07:04.235"/>
</kw>
<kw name="Click Element" library="SeleniumLibrary">
<arg>${demo}</arg>
<doc>Click the element identified by ``locator``.</doc>
<msg timestamp="20230613 10:07:04.235" level="INFO">Clicking element '//div[@id="demo"]'.</msg>
<status status="PASS" starttime="20230613 10:07:04.235" endtime="20230613 10:07:04.294"/>
</kw>
<kw name="Wait Until Page Contains Element" library="SeleniumLibrary">
<arg>${reset_btn}</arg>
<arg>10</arg>
<doc>Waits until the element ``locator`` appears on the current page.</doc>
<status status="PASS" starttime="20230613 10:07:04.295" endtime="20230613 10:07:04.305"/>
</kw>
<status status="PASS" starttime="20230613 10:06:53.089" endtime="20230613 10:07:04.306"/>
</kw>
<kw name="Open API page" library="keywords">
<kw name="Click Element" library="SeleniumLibrary">
<arg>${setting_icon}</arg>
<doc>Click the element identified by ``locator``.</doc>
<msg timestamp="20230613 10:07:04.306" level="INFO">Clicking element '//a[@href="/account/personal-details"]'.</msg>
<status status="PASS" starttime="20230613 10:07:04.306" endtime="20230613 10:07:04.378"/>
</kw>
<kw name="Wait Until Element Is Visible" library="SeleniumLibrary">
<arg>${api_token_settings}</arg>
<arg>10</arg>
<doc>Waits until the element ``locator`` is visible.</doc>
<status status="PASS" starttime="20230613 10:07:04.378" endtime="20230613 10:07:05.134"/>
</kw>
<kw name="Click Element" library="SeleniumLibrary">
<arg>${api_token_settings}</arg>
<doc>Click the element identified by ``locator``.</doc>
<msg timestamp="20230613 10:07:05.134" level="INFO">Clicking element '//a[@href="/account/api-token"]'.</msg>
<status status="PASS" starttime="20230613 10:07:05.134" endtime="20230613 10:07:05.184"/>
</kw>
<kw name="Wait Until Element Is Visible" library="SeleniumLibrary">
<arg>${api_settings_page_validation}</arg>
<arg>10</arg>
<doc>Waits until the element ``locator`` is visible.</doc>
<status status="PASS" starttime="20230613 10:07:05.184" endtime="20230613 10:07:08.926"/>
</kw>
<status status="PASS" starttime="20230613 10:07:04.306" endtime="20230613 10:07:08.926"/>
</kw>
<kw name="Select All Scope" library="keywords">
<kw name="Wait Until Element Is Visible" library="SeleniumLibrary">
<arg>${scope}</arg>
<arg>timeout=10s</arg>
<doc>Waits until the element ``locator`` is visible.</doc>
<status status="PASS" starttime="20230613 10:07:08.926" endtime="20230613 10:07:08.943"/>
</kw>
<kw name="Get WebElements" library="SeleniumLibrary">
<var>${scope_elements}</var>
<arg>${scope}</arg>
<doc>Returns a list of WebElement objects matching the ``locator``.</doc>
<msg timestamp="20230613 10:07:08.949" level="INFO">${scope_elements} = [&lt;selenium.webdriver.remote.webelement.WebElement (session="527e39f7be59572cb34e736c4c8c9ed2", element="428007DD72E2CA34640E890D7004FA74_element_156")&gt;, &lt;selenium.webdriver.remote.webelement.WebElemen...</msg>
<status status="PASS" starttime="20230613 10:07:08.943" endtime="20230613 10:07:08.949"/>
</kw>
<for flavor="IN">
<var>${element}</var>
<value>@{scope_elements}</value>
<iter>
<var name="${element}">&lt;selenium.webdriver.remote.webelement.WebElement (session="527e39f7be59572cb34e736c4c8c9ed2", element="428007DD72E2CA34640E890D7004FA74_element_156")&gt;</var>
<kw name="Scroll Element Into View" library="SeleniumLibrary">
<arg>${element}</arg>
<doc>Scrolls the element identified by ``locator`` into view.</doc>
<status status="PASS" starttime="20230613 10:07:08.949" endtime="20230613 10:07:09.220"/>
</kw>
<kw name="Click Element" library="SeleniumLibrary">
<arg>${element}</arg>
<doc>Click the element identified by ``locator``.</doc>
<msg timestamp="20230613 10:07:09.220" level="INFO">Clicking element '&lt;selenium.webdriver.remote.webelement.WebElement (session="527e39f7be59572cb34e736c4c8c9ed2", element="428007DD72E2CA34640E890D7004FA74_element_156")&gt;'.</msg>
<status status="PASS" starttime="20230613 10:07:09.220" endtime="20230613 10:07:09.248"/>
</kw>
<status status="PASS" starttime="20230613 10:07:08.949" endtime="20230613 10:07:09.248"/>
</iter>
<iter>
<var name="${element}">&lt;selenium.webdriver.remote.webelement.WebElement (session="527e39f7be59572cb34e736c4c8c9ed2", element="428007DD72E2CA34640E890D7004FA74_element_157")&gt;</var>
<kw name="Scroll Element Into View" library="SeleniumLibrary">
<arg>${element}</arg>
<doc>Scrolls the element identified by ``locator`` into view.</doc>
<status status="PASS" starttime="20230613 10:07:09.248" endtime="20230613 10:07:09.520"/>
</kw>
<kw name="Click Element" library="SeleniumLibrary">
<arg>${element}</arg>
<doc>Click the element identified by ``locator``.</doc>
<msg timestamp="20230613 10:07:09.520" level="INFO">Clicking element '&lt;selenium.webdriver.remote.webelement.WebElement (session="527e39f7be59572cb34e736c4c8c9ed2", element="428007DD72E2CA34640E890D7004FA74_element_157")&gt;'.</msg>
<status status="PASS" starttime="20230613 10:07:09.520" endtime="20230613 10:07:09.546"/>
</kw>
<status status="PASS" starttime="20230613 10:07:09.248" endtime="20230613 10:07:09.547"/>
</iter>
<iter>
<var name="${element}">&lt;selenium.webdriver.remote.webelement.WebElement (session="527e39f7be59572cb34e736c4c8c9ed2", element="428007DD72E2CA34640E890D7004FA74_element_158")&gt;</var>
<kw name="Scroll Element Into View" library="SeleniumLibrary">
<arg>${element}</arg>
<doc>Scrolls the element identified by ``locator`` into view.</doc>
<status status="PASS" starttime="20230613 10:07:09.547" endtime="20230613 10:07:09.821"/>
</kw>
<kw name="Click Element" library="SeleniumLibrary">
<arg>${element}</arg>
<doc>Click the element identified by ``locator``.</doc>
<msg timestamp="20230613 10:07:09.822" level="INFO">Clicking element '&lt;selenium.webdriver.remote.webelement.WebElement (session="527e39f7be59572cb34e736c4c8c9ed2", element="428007DD72E2CA34640E890D7004FA74_element_158")&gt;'.</msg>
<status status="PASS" starttime="20230613 10:07:09.821" endtime="20230613 10:07:09.844"/>
</kw>
<status status="PASS" starttime="20230613 10:07:09.547" endtime="20230613 10:07:09.844"/>
</iter>
<iter>
<var name="${element}">&lt;selenium.webdriver.remote.webelement.WebElement (session="527e39f7be59572cb34e736c4c8c9ed2", element="428007DD72E2CA34640E890D7004FA74_element_159")&gt;</var>
<kw name="Scroll Element Into View" library="SeleniumLibrary">
<arg>${element}</arg>
<doc>Scrolls the element identified by ``locator`` into view.</doc>
<status status="PASS" starttime="20230613 10:07:09.845" endtime="20230613 10:07:10.103"/>
</kw>
<kw name="Click Element" library="SeleniumLibrary">
<arg>${element}</arg>
<doc>Click the element identified by ``locator``.</doc>
<msg timestamp="20230613 10:07:10.104" level="INFO">Clicking element '&lt;selenium.webdriver.remote.webelement.WebElement (session="527e39f7be59572cb34e736c4c8c9ed2", element="428007DD72E2CA34640E890D7004FA74_element_159")&gt;'.</msg>
<status status="PASS" starttime="20230613 10:07:10.103" endtime="20230613 10:07:10.128"/>
</kw>
<status status="PASS" starttime="20230613 10:07:09.845" endtime="20230613 10:07:10.128"/>
</iter>
<iter>
<var name="${element}">&lt;selenium.webdriver.remote.webelement.WebElement (session="527e39f7be59572cb34e736c4c8c9ed2", element="428007DD72E2CA34640E890D7004FA74_element_160")&gt;</var>
<kw name="Scroll Element Into View" library="SeleniumLibrary">
<arg>${element}</arg>
<doc>Scrolls the element identified by ``locator`` into view.</doc>
<status status="PASS" starttime="20230613 10:07:10.128" endtime="20230613 10:07:10.387"/>
</kw>
<kw name="Click Element" library="SeleniumLibrary">
<arg>${element}</arg>
<doc>Click the element identified by ``locator``.</doc>
<msg timestamp="20230613 10:07:10.388" level="INFO">Clicking element '&lt;selenium.webdriver.remote.webelement.WebElement (session="527e39f7be59572cb34e736c4c8c9ed2", element="428007DD72E2CA34640E890D7004FA74_element_160")&gt;'.</msg>
<status status="PASS" starttime="20230613 10:07:10.387" endtime="20230613 10:07:10.411"/>
</kw>
<status status="PASS" starttime="20230613 10:07:10.128" endtime="20230613 10:07:10.411"/>
</iter>
<status status="PASS" starttime="20230613 10:07:08.949" endtime="20230613 10:07:10.411"/>
</for>
<status status="PASS" starttime="20230613 10:07:08.926" endtime="20230613 10:07:10.411"/>
</kw>
<kw name="Fill In Invalid Input" library="keywords">
<kw name="Click Element" library="SeleniumLibrary">
<arg>${token_name_input}</arg>
<doc>Click the element identified by ``locator``.</doc>
<msg timestamp="20230613 10:07:10.412" level="INFO">Clicking element '//input[@name="token_name"]'.</msg>
<status status="PASS" starttime="20230613 10:07:10.412" endtime="20230613 10:07:10.458"/>
</kw>
<kw name="Input Text" library="SeleniumLibrary">
<arg>${token_name_input}</arg>
<arg>1</arg>
<doc>Types the given ``text`` into the text field identified by ``locator``.</doc>
<msg timestamp="20230613 10:07:10.459" level="INFO">Typing text '1' into text field '//input[@name="token_name"]'.</msg>
<status status="PASS" starttime="20230613 10:07:10.458" endtime="20230613 10:07:10.499"/>
</kw>
<kw name="Wait Until Element Is Visible" library="SeleniumLibrary">
<arg>${error_outside_range}</arg>
<doc>Waits until the element ``locator`` is visible.</doc>
<status status="PASS" starttime="20230613 10:07:10.499" endtime="20230613 10:07:10.516"/>
</kw>
<kw name="Click Element" library="SeleniumLibrary">
<arg>${token_name_input}</arg>
<doc>Click the element identified by ``locator``.</doc>
<msg timestamp="20230613 10:07:10.517" level="INFO">Clicking element '//input[@name="token_name"]'.</msg>
<status status="PASS" starttime="20230613 10:07:10.516" endtime="20230613 10:07:10.542"/>
</kw>
<kw name="Clear Input Field" library="keywords">
<arg>${token_name_input}</arg>
<kw name="Press Keys" library="SeleniumLibrary">
<arg>${inputField}</arg>
<arg>CTRL+a+BACKSPACE</arg>
<doc>Simulates the user pressing key(s) to an element or on the active browser.</doc>
<msg timestamp="20230613 10:07:10.543" level="INFO">Sending key(s) ('CTRL+a+BACKSPACE',) to ['//input[@name="token_name"]'] element.</msg>
<msg timestamp="20230613 10:07:10.807" level="INFO">Pressing special key CONTROL down.</msg>
<msg timestamp="20230613 10:07:10.807" level="INFO">Sending key a</msg>
<msg timestamp="20230613 10:07:10.807" level="INFO">Pressing special key BACKSPACE down.</msg>
<msg timestamp="20230613 10:07:10.807" level="INFO">Releasing special key CONTROL.</msg>
<msg timestamp="20230613 10:07:10.807" level="INFO">Releasing special key BACKSPACE.</msg>
<status status="PASS" starttime="20230613 10:07:10.543" endtime="20230613 10:07:10.821"/>
</kw>
<status status="PASS" starttime="20230613 10:07:10.542" endtime="20230613 10:07:10.821"/>
</kw>
<kw name="Input Text" library="SeleniumLibrary">
<arg>${token_name_input}</arg>
<arg>&amp;&amp;</arg>
<doc>Types the given ``text`` into the text field identified by ``locator``.</doc>
<msg timestamp="20230613 10:07:10.822" level="INFO">Typing text '&amp;&amp;' into text field '//input[@name="token_name"]'.</msg>
<status status="PASS" starttime="20230613 10:07:10.821" endtime="20230613 10:07:10.863"/>
</kw>
<kw name="Wait Until Element Is Visible" library="SeleniumLibrary">
<arg>${error_symbol}</arg>
<doc>Waits until the element ``locator`` is visible.</doc>
<status status="PASS" starttime="20230613 10:07:10.863" endtime="20230613 10:07:10.877"/>
</kw>
<kw name="Clear Input Field" library="keywords">
<arg>${token_name_input}</arg>
<kw name="Press Keys" library="SeleniumLibrary">
<arg>${inputField}</arg>
<arg>CTRL+a+BACKSPACE</arg>
<doc>Simulates the user pressing key(s) to an element or on the active browser.</doc>
<msg timestamp="20230613 10:07:10.877" level="INFO">Sending key(s) ('CTRL+a+BACKSPACE',) to ['//input[@name="token_name"]'] element.</msg>
<msg timestamp="20230613 10:07:11.140" level="INFO">Pressing special key CONTROL down.</msg>
<msg timestamp="20230613 10:07:11.140" level="INFO">Sending key a</msg>
<msg timestamp="20230613 10:07:11.140" level="INFO">Pressing special key BACKSPACE down.</msg>
<msg timestamp="20230613 10:07:11.141" level="INFO">Releasing special key CONTROL.</msg>
<msg timestamp="20230613 10:07:11.141" level="INFO">Releasing special key BACKSPACE.</msg>
<status status="PASS" starttime="20230613 10:07:10.877" endtime="20230613 10:07:11.151"/>
</kw>
<status status="PASS" starttime="20230613 10:07:10.877" endtime="20230613 10:07:11.151"/>
</kw>
<status status="PASS" starttime="20230613 10:07:10.411" endtime="20230613 10:07:11.151"/>
</kw>
<kw name="Fill In Valid Input and Create Token" library="keywords">
<kw name="Click Element" library="SeleniumLibrary">
<arg>${token_name_input}</arg>
<doc>Click the element identified by ``locator``.</doc>
<msg timestamp="20230613 10:07:11.152" level="INFO">Clicking element '//input[@name="token_name"]'.</msg>
<status status="PASS" starttime="20230613 10:07:11.152" endtime="20230613 10:07:11.188"/>
</kw>
<kw name="Input Text" library="SeleniumLibrary">
<arg>${token_name_input}</arg>
<arg>testing</arg>
<doc>Types the given ``text`` into the text field identified by ``locator``.</doc>
<msg timestamp="20230613 10:07:11.189" level="INFO">Typing text 'testing' into text field '//input[@name="token_name"]'.</msg>
<status status="PASS" starttime="20230613 10:07:11.188" endtime="20230613 10:07:11.255"/>
</kw>
<kw name="Element Should Be Enabled" library="SeleniumLibrary">
<arg>${create_btn}</arg>
<doc>Verifies that element identified by ``locator`` is enabled.</doc>
<status status="PASS" starttime="20230613 10:07:11.255" endtime="20230613 10:07:11.274"/>
</kw>
<kw name="Click Element" library="SeleniumLibrary">
<arg>${create_btn}</arg>
<doc>Click the element identified by ``locator``.</doc>
<msg timestamp="20230613 10:07:11.274" level="INFO">Clicking element '//button[@class="dc-btn dc-btn__effect dc-btn--primary dc-btn__large dc-btn__button-group da-api-token__button"]'.</msg>
<status status="PASS" starttime="20230613 10:07:11.274" endtime="20230613 10:07:11.311"/>
</kw>
<status status="PASS" starttime="20230613 10:07:11.152" endtime="20230613 10:07:11.311"/>
</kw>
<kw name="Check Token Created" library="keywords">
<kw name="Wait Until Element Is Visible" library="SeleniumLibrary">
<arg>${token_name}</arg>
<doc>Waits until the element ``locator`` is visible.</doc>
<status status="PASS" starttime="20230613 10:07:11.311" endtime="20230613 10:07:11.741"/>
</kw>
<kw name="Wait Until Element Is Visible" library="SeleniumLibrary">
<arg>${read_scope}</arg>
<doc>Waits until the element ``locator`` is visible.</doc>
<status status="PASS" starttime="20230613 10:07:11.741" endtime="20230613 10:07:11.755"/>
</kw>
<kw name="Wait Until Element Is Visible" library="SeleniumLibrary">
<arg>${trade_scope}</arg>
<doc>Waits until the element ``locator`` is visible.</doc>
<status status="PASS" starttime="20230613 10:07:11.755" endtime="20230613 10:07:11.767"/>
</kw>
<kw name="Wait Until Element Is Visible" library="SeleniumLibrary">
<arg>${payments_scope}</arg>
<doc>Waits until the element ``locator`` is visible.</doc>
<status status="PASS" starttime="20230613 10:07:11.767" endtime="20230613 10:07:11.781"/>
</kw>
<kw name="Wait Until Element Is Visible" library="SeleniumLibrary">
<arg>${trading_information}</arg>
<doc>Waits until the element ``locator`` is visible.</doc>
<status status="PASS" starttime="20230613 10:07:11.781" endtime="20230613 10:07:11.794"/>
</kw>
<kw name="Wait Until Element Is Visible" library="SeleniumLibrary">
<arg>${admin_scope}</arg>
<doc>Waits until the element ``locator`` is visible.</doc>
<status status="PASS" starttime="20230613 10:07:11.795" endtime="20230613 10:07:11.808"/>
</kw>
<status status="PASS" starttime="20230613 10:07:11.311" endtime="20230613 10:07:11.808"/>
</kw>
<kw name="Check Copy Token" library="keywords">
<kw name="Click Element" library="SeleniumLibrary">
<arg>${copy_icon}</arg>
<doc>Click the element identified by ``locator``.</doc>
<msg timestamp="20230613 10:07:11.809" level="INFO">Clicking element '(//div[@data-testid="dt_popover_wrapper"])[4]'.</msg>
<status status="PASS" starttime="20230613 10:07:11.809" endtime="20230613 10:07:11.857"/>
</kw>
<kw name="Wait Until Element Is Visible" library="SeleniumLibrary">
<arg>${copy_modal}</arg>
<arg>10</arg>
<doc>Waits until the element ``locator`` is visible.</doc>
<status status="PASS" starttime="20230613 10:07:11.857" endtime="20230613 10:07:12.298"/>
</kw>
<kw name="Click Element" library="SeleniumLibrary">
<arg>${copy_modal_ok}</arg>
<doc>Click the element identified by ``locator``.</doc>
<msg timestamp="20230613 10:07:12.298" level="INFO">Clicking element '//button[@class="dc-btn dc-btn__effect dc-btn--primary dc-btn__large dc-dialog__button"]'.</msg>
<status status="PASS" starttime="20230613 10:07:12.298" endtime="20230613 10:07:12.331"/>
</kw>
<kw name="Wait Until Element Is Visible" library="SeleniumLibrary">
<arg>${token_copied}</arg>
<arg>10</arg>
<doc>Waits until the element ``locator`` is visible.</doc>
<status status="PASS" starttime="20230613 10:07:12.331" endtime="20230613 10:07:12.348"/>
</kw>
<status status="PASS" starttime="20230613 10:07:11.808" endtime="20230613 10:07:12.348"/>
</kw>
<kw name="Check Show Token Function" library="keywords">
<kw name="Click Element" library="SeleniumLibrary">
<arg>${eye_icon}</arg>
<doc>Click the element identified by ``locator``.</doc>
<msg timestamp="20230613 10:07:12.348" level="INFO">Clicking element '(//div[@data-testid="dt_popover_wrapper"])[5]'.</msg>
<status status="PASS" starttime="20230613 10:07:12.348" endtime="20230613 10:07:12.619"/>
</kw>
<kw name="Wait Until Element Is Visible" library="SeleniumLibrary">
<arg>${show_token}</arg>
<arg>10</arg>
<doc>Waits until the element ``locator`` is visible.</doc>
<status status="PASS" starttime="20230613 10:07:12.619" endtime="20230613 10:07:12.634"/>
</kw>
<kw name="Click Element" library="SeleniumLibrary">
<arg>${eye_icon}</arg>
<doc>Click the element identified by ``locator``.</doc>
<msg timestamp="20230613 10:07:12.634" level="INFO">Clicking element '(//div[@data-testid="dt_popover_wrapper"])[5]'.</msg>
<status status="PASS" starttime="20230613 10:07:12.634" endtime="20230613 10:07:12.660"/>
</kw>
<kw name="Wait Until Element Is Not Visible" library="SeleniumLibrary">
<arg>${show_token}</arg>
<arg>10</arg>
<doc>Waits until the element ``locator`` is not visible.</doc>
<status status="PASS" starttime="20230613 10:07:12.660" endtime="20230613 10:07:12.666"/>
</kw>
<status status="PASS" starttime="20230613 10:07:12.348" endtime="20230613 10:07:12.666"/>
</kw>
<kw name="Check Delete Function" library="keywords">
<kw name="Click Element" library="SeleniumLibrary">
<arg>${delete_btn}</arg>
<doc>Click the element identified by ``locator``.</doc>
<msg timestamp="20230613 10:07:12.667" level="INFO">Clicking element '(//div[@data-testid="dt_popover_wrapper"])[6]'.</msg>
<status status="PASS" starttime="20230613 10:07:12.666" endtime="20230613 10:07:12.711"/>
</kw>
<kw name="Wait Until Element Is Visible" library="SeleniumLibrary">
<arg>${delete_modal_cancel}</arg>
<arg>10</arg>
<doc>Waits until the element ``locator`` is visible.</doc>
<status status="PASS" starttime="20230613 10:07:12.711" endtime="20230613 10:07:13.147"/>
</kw>
<kw name="Click Element" library="SeleniumLibrary">
<arg>${delete_modal_cancel}</arg>
<doc>Click the element identified by ``locator``.</doc>
<msg timestamp="20230613 10:07:13.147" level="INFO">Clicking element '//button[@class="dc-btn dc-btn__effect dc-btn--secondary dc-btn__large dc-dialog__button"]'.</msg>
<status status="PASS" starttime="20230613 10:07:13.147" endtime="20230613 10:07:13.175"/>
</kw>
<kw name="Wait Until Element Is Visible" library="SeleniumLibrary">
<arg>${token_name}</arg>
<arg>10</arg>
<doc>Waits until the element ``locator`` is visible.</doc>
<status status="PASS" starttime="20230613 10:07:13.175" endtime="20230613 10:07:13.186"/>
</kw>
<kw name="Click Element" library="SeleniumLibrary">
<arg>${delete_btn}</arg>
<doc>Click the element identified by ``locator``.</doc>
<msg timestamp="20230613 10:07:13.187" level="INFO">Clicking element '(//div[@data-testid="dt_popover_wrapper"])[6]'.</msg>
<status status="PASS" starttime="20230613 10:07:13.187" endtime="20230613 10:07:13.468"/>
</kw>
<kw name="Wait Until Element Is Visible" library="SeleniumLibrary">
<arg>${delete_confirm_btn}</arg>
<arg>10</arg>
<doc>Waits until the element ``locator`` is visible.</doc>
<status status="PASS" starttime="20230613 10:07:13.468" endtime="20230613 10:07:13.903"/>
</kw>
<kw name="Click Element" library="SeleniumLibrary">
<arg>${delete_confirm_btn}</arg>
<doc>Click the element identified by ``locator``.</doc>
<msg timestamp="20230613 10:07:13.903" level="INFO">Clicking element '//button[@class="dc-btn dc-btn__effect dc-btn--primary dc-btn__large dc-dialog__button"]'.</msg>
<status status="PASS" starttime="20230613 10:07:13.903" endtime="20230613 10:07:13.932"/>
</kw>
<kw name="Wait Until Element Is Not Visible" library="SeleniumLibrary">
<arg>${token_name}</arg>
<arg>10</arg>
<doc>Waits until the element ``locator`` is not visible.</doc>
<status status="PASS" starttime="20230613 10:07:13.932" endtime="20230613 10:07:14.574"/>
</kw>
<status status="PASS" starttime="20230613 10:07:12.666" endtime="20230613 10:07:14.574"/>
</kw>
<status status="PASS" starttime="20230613 10:06:53.089" endtime="20230613 10:07:14.574"/>
</test>
<test id="s1-t2" name="Empty Scope With Token name" line="23">
<kw name="Check Button Disabled With Token Name" library="keywords">
<kw name="Element Should Be Disabled" library="SeleniumLibrary">
<arg>${create_btn}</arg>
<doc>Verifies that element identified by ``locator`` is disabled.</doc>
<status status="PASS" starttime="20230613 10:07:14.575" endtime="20230613 10:07:14.589"/>
</kw>
<kw name="Click Element" library="SeleniumLibrary">
<arg>${token_name_input}</arg>
<doc>Click the element identified by ``locator``.</doc>
<msg timestamp="20230613 10:07:14.590" level="INFO">Clicking element '//input[@name="token_name"]'.</msg>
<status status="PASS" starttime="20230613 10:07:14.590" endtime="20230613 10:07:14.633"/>
</kw>
<kw name="Input Text" library="SeleniumLibrary">
<arg>${token_name_input}</arg>
<arg>no_admin</arg>
<doc>Types the given ``text`` into the text field identified by ``locator``.</doc>
<msg timestamp="20230613 10:07:14.634" level="INFO">Typing text 'no_admin' into text field '//input[@name="token_name"]'.</msg>
<status status="PASS" starttime="20230613 10:07:14.633" endtime="20230613 10:07:14.720"/>
</kw>
<kw name="Element Should Be Disabled" library="SeleniumLibrary">
<arg>${create_btn}</arg>
<doc>Verifies that element identified by ``locator`` is disabled.</doc>
<status status="PASS" starttime="20230613 10:07:14.721" endtime="20230613 10:07:14.733"/>
</kw>
<status status="PASS" starttime="20230613 10:07:14.575" endtime="20230613 10:07:14.733"/>
</kw>
<kw name="Check Button Disabled With Scopes" library="keywords">
<kw name="Get WebElements" library="SeleniumLibrary">
<var>${scope_elements}</var>
<arg>${scope}</arg>
<doc>Returns a list of WebElement objects matching the ``locator``.</doc>
<msg timestamp="20230613 10:07:14.742" level="INFO">${scope_elements} = [&lt;selenium.webdriver.remote.webelement.WebElement (session="527e39f7be59572cb34e736c4c8c9ed2", element="428007DD72E2CA34640E890D7004FA74_element_156")&gt;, &lt;selenium.webdriver.remote.webelement.WebElemen...</msg>
<status status="PASS" starttime="20230613 10:07:14.734" endtime="20230613 10:07:14.742"/>
</kw>
<kw name="Get From List" library="Collections">
<var>${read}</var>
<arg>${scope_elements}</arg>
<arg>0</arg>
<doc>Returns the value specified with an ``index`` from ``list``.</doc>
<msg timestamp="20230613 10:07:14.742" level="INFO">${read} = &lt;selenium.webdriver.remote.webelement.WebElement (session="527e39f7be59572cb34e736c4c8c9ed2", element="428007DD72E2CA34640E890D7004FA74_element_156")&gt;</msg>
<status status="PASS" starttime="20230613 10:07:14.742" endtime="20230613 10:07:14.743"/>
</kw>
<kw name="Get From List" library="Collections">
<var>${payment}</var>
<arg>${scope_elements}</arg>
<arg>2</arg>
<doc>Returns the value specified with an ``index`` from ``list``.</doc>
<msg timestamp="20230613 10:07:14.743" level="INFO">${payment} = &lt;selenium.webdriver.remote.webelement.WebElement (session="527e39f7be59572cb34e736c4c8c9ed2", element="428007DD72E2CA34640E890D7004FA74_element_158")&gt;</msg>
<status status="PASS" starttime="20230613 10:07:14.743" endtime="20230613 10:07:14.743"/>
</kw>
<kw name="Scroll Element Into View" library="SeleniumLibrary">
<arg>${read}</arg>
<doc>Scrolls the element identified by ``locator`` into view.</doc>
<status status="PASS" starttime="20230613 10:07:14.743" endtime="20230613 10:07:15.007"/>
</kw>
<kw name="Scroll Element Into View" library="SeleniumLibrary">
<arg>${payment}</arg>
<doc>Scrolls the element identified by ``locator`` into view.</doc>
<status status="PASS" starttime="20230613 10:07:15.008" endtime="20230613 10:07:15.273"/>
</kw>
<kw name="Click Element" library="SeleniumLibrary">
<arg>${read}</arg>
<doc>Click the element identified by ``locator``.</doc>
<msg timestamp="20230613 10:07:15.273" level="INFO">Clicking element '&lt;selenium.webdriver.remote.webelement.WebElement (session="527e39f7be59572cb34e736c4c8c9ed2", element="428007DD72E2CA34640E890D7004FA74_element_156")&gt;'.</msg>
<status status="PASS" starttime="20230613 10:07:15.273" endtime="20230613 10:07:15.299"/>
</kw>
<kw name="Click Element" library="SeleniumLibrary">
<arg>${payment}</arg>
<doc>Click the element identified by ``locator``.</doc>
<msg timestamp="20230613 10:07:15.300" level="INFO">Clicking element '&lt;selenium.webdriver.remote.webelement.WebElement (session="527e39f7be59572cb34e736c4c8c9ed2", element="428007DD72E2CA34640E890D7004FA74_element_158")&gt;'.</msg>
<status status="PASS" starttime="20230613 10:07:15.300" endtime="20230613 10:07:15.326"/>
</kw>
<kw name="Element Should Be Enabled" library="SeleniumLibrary">
<arg>${create_btn}</arg>
<doc>Verifies that element identified by ``locator`` is enabled.</doc>
<status status="PASS" starttime="20230613 10:07:15.327" endtime="20230613 10:07:15.349"/>
</kw>
<kw name="Click Element" library="SeleniumLibrary">
<arg>${create_btn}</arg>
<doc>Click the element identified by ``locator``.</doc>
<msg timestamp="20230613 10:07:15.350" level="INFO">Clicking element '//button[@class="dc-btn dc-btn__effect dc-btn--primary dc-btn__large dc-btn__button-group da-api-token__button"]'.</msg>
<status status="PASS" starttime="20230613 10:07:15.349" endtime="20230613 10:07:15.378"/>
</kw>
<status status="PASS" starttime="20230613 10:07:14.733" endtime="20230613 10:07:15.378"/>
</kw>
<kw name="Check Token Created Without Admin" library="keywords">
<kw name="Wait Until Element Is Visible" library="SeleniumLibrary">
<arg>${token_name_without_admin}</arg>
<doc>Waits until the element ``locator`` is visible.</doc>
<status status="PASS" starttime="20230613 10:07:15.379" endtime="20230613 10:07:15.811"/>
</kw>
<kw name="Wait Until Element Is Visible" library="SeleniumLibrary">
<arg>${read_scope}</arg>
<doc>Waits until the element ``locator`` is visible.</doc>
<status status="PASS" starttime="20230613 10:07:15.811" endtime="20230613 10:07:15.820"/>
</kw>
<kw name="Wait Until Element Is Visible" library="SeleniumLibrary">
<arg>${payments_scope}</arg>
<doc>Waits until the element ``locator`` is visible.</doc>
<status status="PASS" starttime="20230613 10:07:15.820" endtime="20230613 10:07:15.831"/>
</kw>
<kw name="Click Element" library="SeleniumLibrary">
<arg>${delete_btn}</arg>
<doc>Click the element identified by ``locator``.</doc>
<msg timestamp="20230613 10:07:15.831" level="INFO">Clicking element '(//div[@data-testid="dt_popover_wrapper"])[6]'.</msg>
<status status="PASS" starttime="20230613 10:07:15.831" endtime="20230613 10:07:15.864"/>
</kw>
<kw name="Wait Until Element Is Visible" library="SeleniumLibrary">
<arg>${delete_confirm_btn}</arg>
<arg>10</arg>
<doc>Waits until the element ``locator`` is visible.</doc>
<status status="PASS" starttime="20230613 10:07:15.864" endtime="20230613 10:07:16.301"/>
</kw>
<kw name="Click Element" library="SeleniumLibrary">
<arg>${delete_confirm_btn}</arg>
<doc>Click the element identified by ``locator``.</doc>
<msg timestamp="20230613 10:07:16.301" level="INFO">Clicking element '//button[@class="dc-btn dc-btn__effect dc-btn--primary dc-btn__large dc-dialog__button"]'.</msg>
<status status="PASS" starttime="20230613 10:07:16.301" endtime="20230613 10:07:16.326"/>
</kw>
<kw name="Wait Until Element Is Not Visible" library="SeleniumLibrary">
<arg>${token_name_without_admin}</arg>
<arg>10</arg>
<doc>Waits until the element ``locator`` is not visible.</doc>
<status status="PASS" starttime="20230613 10:07:16.326" endtime="20230613 10:07:16.968"/>
</kw>
<status status="PASS" starttime="20230613 10:07:15.378" endtime="20230613 10:07:16.968"/>
</kw>
<status status="PASS" starttime="20230613 10:07:14.574" endtime="20230613 10:07:16.968"/>
</test>
<status status="PASS" starttime="20230613 10:06:52.974" endtime="20230613 10:07:16.969"/>
</suite>
<statistics>
<total>
<stat pass="2" fail="0" skip="0">All Tests</stat>
</total>
<tag>
</tag>
<suite>
<stat pass="2" fail="0" skip="0" id="s1" name="Api Token Page">Api Token Page</stat>
</suite>
</statistics>
<errors>
</errors>
</robot>
